<?xml version="1.0" encoding="UTF-8"?>
<!-- Generated by org.testng.reporters.JUnitReportReporter -->
<testsuite hostname="DESKTOP-CSACNBT" failures="0" tests="3" name="loanbookforsale.qa.test.HomePageTest" time="43.146" errors="0" timestamp="2023-06-02T22:34:28 IST" skipped="0">
  <testcase classname="loanbookforsale.qa.test.HomePageTest" name="homePageTitleTest" time="11.584"/>
  <system-out/>
  <testcase classname="loanbookforsale.qa.test.HomePageTest" name="loanbookLogoTest" time="17.434"/>
  <system-out/>
  <testcase classname="loanbookforsale.qa.test.HomePageTest" name="signInBtnTest" time="14.128"/>
  <system-out/>
</testsuite> <!-- loanbookforsale.qa.test.HomePageTest -->
