<?xml version="1.0" encoding="UTF-8"?>
<!-- Generated by org.testng.reporters.JUnitReportReporter -->
<testsuite hostname="DESKTOP-CSACNBT" failures="0" tests="3" name="loanbookforsale.qa.test.HomePageTest" time="47.814" errors="0" timestamp="2023-06-03T12:55:24 IST" skipped="0">
  <testcase classname="loanbookforsale.qa.test.HomePageTest" name="homePageTitleTest" time="11.845"/>
  <system-out/>
  <testcase classname="loanbookforsale.qa.test.HomePageTest" name="loanbookLogoTest" time="21.577"/>
  <system-out/>
  <testcase classname="loanbookforsale.qa.test.HomePageTest" name="signInBtnTest" time="14.392"/>
  <system-out/>
</testsuite> <!-- loanbookforsale.qa.test.HomePageTest -->
