<?xml version="1.0" encoding="UTF-8"?>
<!-- Generated by org.testng.reporters.JUnitReportReporter -->
<testsuite hostname="DESKTOP-CSACNBT" failures="0" tests="2" name="loanbookforsale.qa.test.SignInTest" time="37.541" errors="0" timestamp="2023-06-05T07:46:17 IST" skipped="0">
  <testcase classname="loanbookforsale.qa.test.SignInTest" name="signInPageTitleTest" time="18.291"/>
  <system-out/>
  <testcase classname="loanbookforsale.qa.test.SignInTest" name="loginTest" time="19.250"/>
  <system-out/>
</testsuite> <!-- loanbookforsale.qa.test.SignInTest -->
