<?xml version="1.0" encoding="UTF-8"?>
<!-- Generated by org.testng.reporters.JUnitReportReporter -->
<testsuite hostname="LAPTOP-OHDRA29K" failures="0" tests="1" name="loanbookforsale.qa.test.SignInTest" time="17.813" errors="0" timestamp="2023-11-13T12:24:07 IST" skipped="0">
  <testcase classname="loanbookforsale.qa.test.SignInTest" name="afterLoginUsrNameTest" time="17.813"/>
</testsuite> <!-- loanbookforsale.qa.test.SignInTest -->
