<?xml version="1.0" encoding="UTF-8"?>
<!-- Generated by org.testng.reporters.JUnitReportReporter -->
<testsuite hostname="LAPTOP-OHDRA29K" failures="0" tests="1" name="loanbookforsale.qa.test.PricingPageTest" time="21.953" errors="0" timestamp="2023-12-31T19:41:52 IST" skipped="0">
  <testcase classname="loanbookforsale.qa.test.PricingPageTest" name="testForAttachmentScreenShotOfFailedTestCases" time="21.953"/>
</testsuite> <!-- loanbookforsale.qa.test.PricingPageTest -->
