<?xml version="1.0" encoding="UTF-8"?>
<!-- Generated by org.testng.reporters.JUnitReportReporter -->
<testsuite hostname="LAPTOP-OHDRA29K" failures="0" tests="1" name="loanbookforsale.qa.test.ContactUsPageTest" time="13.197" errors="0" timestamp="2023-11-13T12:26:01 IST" skipped="0">
  <testcase classname="loanbookforsale.qa.test.ContactUsPageTest" name="contactUsFormTest" time="13.197"/>
</testsuite> <!-- loanbookforsale.qa.test.ContactUsPageTest -->
