<?xml version="1.0" encoding="UTF-8"?>
<!-- Generated by org.testng.reporters.JUnitReportReporter -->
<testsuite hostname="DESKTOP-CSACNBT" failures="0" tests="3" name="loanbookforsale.qa.test.SignInTest" time="83.816" errors="0" timestamp="2023-06-17T08:44:29 IST" skipped="0">
  <testcase classname="loanbookforsale.qa.test.SignInTest" name="afterLoginUsrNameTest" time="20.213"/>
  <system-out/>
  <testcase classname="loanbookforsale.qa.test.SignInTest" name="signInPageTitleTest" time="38.250"/>
  <system-out/>
  <testcase classname="loanbookforsale.qa.test.SignInTest" name="loginTest" time="25.353"/>
  <system-out/>
</testsuite> <!-- loanbookforsale.qa.test.SignInTest -->
