<?xml version="1.0" encoding="UTF-8"?>
<!-- Generated by org.testng.reporters.JUnitReportReporter -->
<testsuite hostname="DESKTOP-CSACNBT" failures="0" tests="1" name="loanbookforsale.qa.test.SignInTest" time="0.022" errors="0" timestamp="2023-06-02T22:46:24 IST" skipped="0">
  <testcase classname="loanbookforsale.qa.test.SignInTest" name="testcase1" time="0.022"/>
  <system-out/>
</testsuite> <!-- loanbookforsale.qa.test.SignInTest -->
